<?xml version="1.0" encoding="UTF-8"?>
<!-- Generated by org.testng.reporters.JUnitReportReporter -->
<testsuite hostname="BINTERNS-QA10L" failures="0" tests="4" name="test_ng_demo.flipkart_1" time="13.968" errors="0" timestamp="2023-03-07T18:19:02 IST" skipped="0">
  <testcase classname="test_ng_demo.flipkart_1" name="openapp" time="3.005"/>
  <system-out/>
  <testcase classname="test_ng_demo.flipkart_1" name="getLinkCount" time="0.042"/>
  <system-out/>
  <testcase classname="test_ng_demo.flipkart_1" name="getLinkUrl" time="0.043"/>
  <system-out/>
  <testcase classname="test_ng_demo.flipkart_1" name="getAllLinkInfo" time="10.878"/>
  <system-out/>
</testsuite> <!-- test_ng_demo.flipkart_1 -->
