<?xml version="1.0" encoding="UTF-8"?>
<!-- Generated by org.testng.reporters.JUnitReportReporter -->
<testsuite hostname="BINTERNS-QA10L" failures="0" tests="2" name="Annotation_1.beforeafter_1" time="0.013" errors="0" timestamp="2023-03-09T11:27:55 IST" skipped="0">
  <testcase classname="Annotation_1.beforeafter_1" name="search" time="0.007"/>
  <system-out/>
  <testcase classname="Annotation_1.beforeafter_1" name="Asearch" time="0.006"/>
  <system-out/>
</testsuite> <!-- Annotation_1.beforeafter_1 -->
