<?xml version="1.0" encoding="UTF-8"?>
<!-- Generated by org.testng.reporters.JUnitReportReporter -->
<testsuite hostname="BINTERNS-QA10L" failures="0" tests="2" name="Annotation_1.beforeafter_class" time="0.005" errors="0" timestamp="2023-03-09T11:29:11 IST" skipped="0">
  <testcase classname="Annotation_1.beforeafter_class" name="search" time="0.000"/>
  <system-out/>
  <testcase classname="Annotation_1.beforeafter_class" name="Asearch" time="0.005"/>
  <system-out/>
</testsuite> <!-- Annotation_1.beforeafter_class -->
