<?xml version="1.0" encoding="UTF-8"?>
<!-- Generated by org.testng.reporters.JUnitReportReporter -->
<testsuite hostname="BINTERNS-QA10L" failures="0" tests="10" name="invocation_count1.case_1" time="0.038" errors="0" timestamp="2023-03-07T10:22:24 IST" skipped="0">
  <testcase classname="invocation_count1.case_1" name="f" time="0.002"/>
  <system-out/>
  <testcase classname="invocation_count1.case_1" name="f" time="0.001"/>
  <system-out/>
  <testcase classname="invocation_count1.case_1" name="f" time="0.018"/>
  <system-out/>
  <testcase classname="invocation_count1.case_1" name="f" time="0.002"/>
  <system-out/>
  <testcase classname="invocation_count1.case_1" name="f" time="0.002"/>
  <system-out/>
  <testcase classname="invocation_count1.case_1" name="f" time="0.002"/>
  <system-out/>
  <testcase classname="invocation_count1.case_1" name="f" time="0.002"/>
  <system-out/>
  <testcase classname="invocation_count1.case_1" name="f" time="0.002"/>
  <system-out/>
  <testcase classname="invocation_count1.case_1" name="f" time="0.003"/>
  <system-out/>
  <testcase classname="invocation_count1.case_1" name="f" time="0.004"/>
  <system-out/>
</testsuite> <!-- invocation_count1.case_1 -->
