<?xml version="1.0" encoding="UTF-8"?>
<!-- Generated by org.testng.reporters.JUnitReportReporter -->
<testsuite hostname="BINTERNS-QA10L" failures="0" tests="3" name="cross_testing_1.crosstesting_12" time="37.976" errors="0" timestamp="2023-03-07T19:08:24 IST" skipped="0">
  <testcase classname="cross_testing_1.crosstesting_12" name="setup" time="13.238"/>
  <system-out/>
  <testcase classname="cross_testing_1.crosstesting_12" name="setup" time="14.209"/>
  <system-out/>
  <testcase classname="cross_testing_1.crosstesting_12" name="setup" time="10.529"/>
  <system-out/>
</testsuite> <!-- cross_testing_1.crosstesting_12 -->
