<?xml version="1.0" encoding="UTF-8"?>
<!-- Generated by org.testng.reporters.JUnitReportReporter -->
<testsuite hostname="BINTERNS-QA10L" failures="0" tests="4" name="grouping_case1.case_1" time="0.009" errors="0" timestamp="2023-03-09T15:08:03 IST" skipped="0">
  <testcase classname="grouping_case1.case_1" name="loginByEmail" time="0.007"/>
  <system-out/>
  <testcase classname="grouping_case1.case_1" name="loginByfacebook" time="0.001"/>
  <system-out/>
  <testcase classname="grouping_case1.case_1" name="loginBytwitter" time="0.000"/>
  <system-out/>
  <testcase classname="grouping_case1.case_1" name="loginByinstagram" time="0.001"/>
  <system-out/>
</testsuite> <!-- grouping_case1.case_1 -->
