<?xml version="1.0" encoding="UTF-8"?>
<!-- Generated by org.testng.reporters.JUnitReportReporter -->
<testsuite hostname="BINTERNS-QA10L" failures="0" tests="1" name="Annotation_1_pack.test_11" time="0.001" errors="0" timestamp="2023-03-09T11:34:25 IST" skipped="0">
  <testcase classname="Annotation_1_pack.test_11" name="abc" time="0.001"/>
  <system-out/>
</testsuite> <!-- Annotation_1_pack.test_11 -->
