<?xml version="1.0" encoding="UTF-8"?>
<!-- Generated by org.testng.reporters.JUnitReportReporter -->
<testsuite hostname="BINTERNS-QA10L" failures="0" tests="3" name="test_ng_demo.test_ng1" time="10.490" errors="0" timestamp="2023-03-09T10:57:33 IST" skipped="0">
  <testcase classname="test_ng_demo.test_ng1" name="openapp" time="9.444"/>
  <system-out/>
  <testcase classname="test_ng_demo.test_ng1" name="login" time="0.913"/>
  <system-out/>
  <testcase classname="test_ng_demo.test_ng1" name="close" time="0.133"/>
  <system-out/>
</testsuite> <!-- test_ng_demo.test_ng1 -->
