<?xml version="1.0" encoding="UTF-8"?>
<!-- Generated by org.testng.reporters.JUnitReportReporter -->
<testsuite hostname="BINTERNS-QA10L" failures="0" tests="2" name="Annotation_1.All_annotation" time="0.007" errors="0" timestamp="2023-03-09T11:24:17 IST" skipped="0">
  <testcase classname="Annotation_1.All_annotation" name="testCase1" time="0.005"/>
  <system-out/>
  <testcase classname="Annotation_1.All_annotation" name="testCase2" time="0.002"/>
  <system-out/>
</testsuite> <!-- Annotation_1.All_annotation -->
