<?xml version="1.0" encoding="UTF-8"?>
<!-- Generated by org.testng.reporters.JUnitReportReporter -->
<testsuite hostname="BINTERNS-QA10L" failures="0" tests="1" name="Annotation_1_pack.test_22" time="0.006" errors="0" timestamp="2023-03-09T11:34:25 IST" skipped="0">
  <testcase classname="Annotation_1_pack.test_22" name="xyz" time="0.006"/>
  <system-out/>
</testsuite> <!-- Annotation_1_pack.test_22 -->
